  Preprocessing: device.cl
  Setting target instruction set architecture to: Default (Advanced Vector Extension 2 (AVX2))
  OpenCL Intel CPU device was found!
  Device name: Intel(R) Core(TM) i7-6700HQ CPU @ 2.60GHz
  Device version: OpenCL 2.1 (Build 10)
  Device vendor: Intel(R) Corporation
  Device profile: FULL_PROFILE
  Compilation started
  Compilation done
  Linking started
  Linking done
  Device build started
  Device build done
  Done.
  Failed to get kernel names for work group info
  Build succeeded!
  
  host.cpp
d:\school\ee524\in-class exercise 2\inclassexercise2\inclassexercise2\host.cpp(17): warning C4018: '<': signed/unsigned mismatch
d:\school\ee524\in-class exercise 2\inclassexercise2\inclassexercise2\host.cpp(26): warning C4018: '<': signed/unsigned mismatch
  InclassExercise2.vcxproj -> D:\School\EE524\In-class Exercise 2\InclassExercise2\Debug\InclassExercise2.exe
  device.cl
          1 file(s) copied.
